<?xml version="1.0" encoding="UTF-8"?>
<!-- Generated by org.testng.reporters.JUnitReportReporter -->
<testsuite hostname="LTIN144842" name="com.qa.tests.LoginTest" tests="2" failures="0" timestamp="29 Apr 2020 11:52:31 GMT" time="74.989" errors="0">
  <testcase name="invalidusernamepwd" time="44.628" classname="com.qa.tests.LoginTest"/>
  <testcase name="successfullogin" time="30.361" classname="com.qa.tests.LoginTest"/>
</testsuite> <!-- com.qa.tests.LoginTest -->
