<?xml version="1.0" encoding="UTF-8"?>
<!-- Generated by org.testng.reporters.JUnitReportReporter -->
<testsuite hostname="LTIN144842" name="com.qa.tests.LoginTest" tests="3" failures="0" timestamp="19 May 2020 11:19:11 GMT" time="71.279" errors="0">
  <testcase name="successfullogin" time="28.365" classname="com.qa.tests.LoginTest"/>
  <testcase name="invalidpassword" time="14.182" classname="com.qa.tests.LoginTest"/>
  <testcase name="invalidusername" time="28.732" classname="com.qa.tests.LoginTest"/>
</testsuite> <!-- com.qa.tests.LoginTest -->
